\BOOKMARK [1][-]{section.1}{\376\377\000P\000h\000a\000s\000e\000\040\0002\000\040\000O\000b\000j\000e\000c\000t\000i\000v\000e\000s}{}% 1
\BOOKMARK [1][-]{section.2}{\376\377\000D\000a\000t\000a\000\040\000P\000i\000p\000e\000l\000i\000n\000e\000\040\000A\000r\000c\000h\000i\000t\000e\000c\000t\000u\000r\000e}{}% 2
\BOOKMARK [2][-]{subsection.2.1}{\376\377\000M\000e\000d\000a\000l\000l\000i\000o\000n\000\040\000S\000c\000h\000e\000m\000a\000\040\000D\000e\000s\000i\000g\000n}{section.2}% 3
\BOOKMARK [2][-]{subsection.2.2}{\376\377\000P\000i\000p\000e\000l\000i\000n\000e\000\040\000O\000r\000c\000h\000e\000s\000t\000r\000a\000t\000i\000o\000n}{section.2}% 4
\BOOKMARK [1][-]{section.3}{\376\377\000B\000r\000o\000n\000z\000e\000\040\000L\000a\000y\000e\000r\000\040\040\024\000\040\000I\000n\000g\000e\000s\000t\000i\000o\000n\000\040\000I\000m\000p\000l\000e\000m\000e\000n\000t\000a\000t\000i\000o\000n}{}% 5
\BOOKMARK [2][-]{subsection.3.1}{\376\377\000C\000o\000l\000u\000m\000n\000\040\000N\000o\000r\000m\000a\000l\000i\000z\000a\000t\000i\000o\000n}{section.3}% 6
\BOOKMARK [2][-]{subsection.3.2}{\376\377\000D\000a\000t\000a\000s\000e\000t\000\040\000I\000n\000g\000e\000s\000t\000i\000o\000n\000\040\000S\000u\000m\000m\000a\000r\000y}{section.3}% 7
\BOOKMARK [2][-]{subsection.3.3}{\376\377\000N\000o\000t\000a\000b\000l\000e\000\040\000I\000n\000g\000e\000s\000t\000i\000o\000n\000\040\000C\000h\000a\000l\000l\000e\000n\000g\000e\000s}{section.3}% 8
\BOOKMARK [3][-]{subsubsection.3.3.1}{\376\377\000U\000S\000\040\000A\000c\000c\000i\000d\000e\000n\000t\000s\000\040\040\024\000\040\000S\000c\000h\000e\000m\000a\000\040\000D\000r\000i\000f\000t\000\040\000o\000n\000\040\000R\000e\000-\000r\000u\000n}{subsection.3.3}% 9
\BOOKMARK [3][-]{subsubsection.3.3.2}{\376\377\000B\000r\000i\000d\000g\000e\000\040\000I\000n\000v\000e\000n\000t\000o\000r\000y\000\040\040\024\000\040\000P\000y\000A\000r\000r\000o\000w\000\040\000M\000i\000x\000e\000d\000-\000T\000y\000p\000e\000\040\000S\000e\000r\000i\000a\000l\000i\000z\000a\000t\000i\000o\000n}{subsection.3.3}% 10
\BOOKMARK [1][-]{section.4}{\376\377\000S\000i\000l\000v\000e\000r\000\040\000L\000a\000y\000e\000r\000\040\040\024\000\040\000P\000r\000e\000p\000r\000o\000c\000e\000s\000s\000i\000n\000g\000\040\000I\000m\000p\000l\000e\000m\000e\000n\000t\000a\000t\000i\000o\000n}{}% 11
\BOOKMARK [2][-]{subsection.4.1}{\376\377\000A\000c\000c\000i\000d\000e\000n\000t\000s\000\040\000\040\000S\000I\000L\000V\000E\000R\000.\000R\000I\000S\000K\000\137\000H\000E\000A\000T\000M\000A\000P\000\137\000V\000I\000E\000W}{section.4}% 12
\BOOKMARK [2][-]{subsection.4.2}{\376\377\000B\000r\000i\000d\000g\000e\000\040\000I\000n\000v\000e\000n\000t\000o\000r\000y\000\040\000\040\000S\000I\000L\000V\000E\000R\000.\000B\000R\000I\000D\000G\000E\000\137\000I\000N\000V\000E\000N\000T\000O\000R\000Y\000\137\000G\000E\000O}{section.4}% 13
\BOOKMARK [2][-]{subsection.4.3}{\376\377\000D\000a\000t\000a\000C\000o\000\040\000\040\000S\000I\000L\000V\000E\000R\000.\000C\000L\000E\000A\000N\000E\000D\000\137\000L\000O\000G\000I\000S\000T\000I\000C\000S}{section.4}% 14
\BOOKMARK [2][-]{subsection.4.4}{\376\377\000L\000o\000g\000i\000s\000t\000i\000c\000s\000\040\000O\000p\000e\000r\000a\000t\000i\000o\000n\000s\000\040\000\040\000S\000I\000L\000V\000E\000R\000.\000L\000O\000G\000I\000S\000T\000I\000C\000S\000\137\000V\000E\000C\000T\000O\000R\000I\000Z\000E\000D}{section.4}% 15
\BOOKMARK [2][-]{subsection.4.5}{\376\377\000N\000O\000A\000A\000\040\000G\000S\000O\000D\000\040\000\040\000S\000I\000L\000V\000E\000R\000.\000W\000E\000A\000T\000H\000E\000R\000\137\000A\000L\000E\000R\000T\000S}{section.4}% 16
\BOOKMARK [1][-]{section.5}{\376\377\000P\000i\000p\000e\000l\000i\000n\000e\000\040\000V\000a\000l\000i\000d\000a\000t\000i\000o\000n\000\040\000R\000e\000s\000u\000l\000t\000s}{}% 17
\BOOKMARK [1][-]{section.6}{\376\377\000K\000e\000y\000\040\000C\000h\000a\000l\000l\000e\000n\000g\000e\000s\000\040\000a\000n\000d\000\040\000R\000e\000s\000o\000l\000u\000t\000i\000o\000n\000s}{}% 18
\BOOKMARK [1][-]{section.7}{\376\377\000C\000o\000n\000c\000l\000u\000s\000i\000o\000n}{}% 19
\BOOKMARK [1][-]{appendix.A}{\376\377\000D\000a\000t\000a\000s\000e\000t\000\040\000\046\000\040\000K\000n\000o\000w\000l\000e\000d\000g\000e\000\040\000B\000a\000s\000e\000\040\000D\000o\000c\000u\000m\000e\000n\000t\000a\000t\000i\000o\000n}{}% 20
\BOOKMARK [2][-]{subsection.A.1}{\376\377\000D\000a\000t\000a\000s\000e\000t\000\040\000N\000a\000m\000e\000s\000,\000\040\000M\000o\000d\000a\000l\000i\000t\000i\000e\000s\000,\000\040\000a\000n\000d\000\040\000S\000o\000u\000r\000c\000e\000\040\000L\000i\000n\000k\000s}{appendix.A}% 21
\BOOKMARK [2][-]{subsection.A.2}{\376\377\000D\000o\000m\000a\000i\000n\000\040\000R\000e\000l\000e\000v\000a\000n\000c\000e\000\040\000t\000o\000\040\000t\000h\000e\000\040\000P\000r\000o\000j\000e\000c\000t}{appendix.A}% 22
\BOOKMARK [2][-]{subsection.A.3}{\376\377\000M\000u\000l\000t\000i\000m\000o\000d\000a\000l\000\040\000I\000n\000g\000e\000s\000t\000i\000o\000n\000\040\000D\000e\000t\000a\000i\000l\000s}{appendix.A}% 23
\BOOKMARK [2][-]{subsection.A.4}{\376\377\000D\000a\000t\000a\000\040\000P\000r\000e\000p\000r\000o\000c\000e\000s\000s\000i\000n\000g\000\040\000a\000n\000d\000\040\000S\000a\000m\000p\000l\000i\000n\000g\000\040\000S\000t\000r\000a\000t\000e\000g\000y}{appendix.A}% 24
\BOOKMARK [1][-]{appendix.B}{\376\377\000R\000e\000t\000r\000i\000e\000v\000a\000l\000\040\000\046\000\040\000P\000r\000o\000c\000e\000s\000s\000i\000n\000g\000\040\000P\000i\000p\000e\000l\000i\000n\000e}{}% 25
\BOOKMARK [2][-]{subsection.B.1}{\376\377\000C\000h\000u\000n\000k\000i\000n\000g\000\040\000S\000t\000r\000a\000t\000e\000g\000y\000:\000\040\000S\000e\000m\000a\000n\000t\000i\000c\000\040\000R\000e\000c\000o\000r\000d\000-\000L\000e\000v\000e\000l}{appendix.B}% 26
\BOOKMARK [2][-]{subsection.B.2}{\376\377\000I\000n\000d\000e\000x\000i\000n\000g\000\040\000a\000n\000d\000\040\000R\000e\000t\000r\000i\000e\000v\000a\000l\000\040\000C\000o\000n\000f\000i\000g\000u\000r\000a\000t\000i\000o\000n}{appendix.B}% 27
\BOOKMARK [2][-]{subsection.B.3}{\376\377\000E\000m\000b\000e\000d\000d\000i\000n\000g\000\040\000M\000o\000d\000e\000l\000s\000\040\000U\000s\000e\000d}{appendix.B}% 28
\BOOKMARK [2][-]{subsection.B.4}{\376\377\000E\000x\000a\000m\000p\000l\000e\000\040\000R\000e\000t\000r\000i\000e\000v\000a\000l\000\040\000O\000u\000t\000p\000u\000t\000s}{appendix.B}% 29
\BOOKMARK [3][-]{subsubsection.B.4.1}{\376\377\000Q\000u\000e\000r\000y\000\040\0001\000:\000\040\000`\000`\000W\000h\000a\000t\000\040\000a\000r\000e\000\040\000t\000h\000e\000\040\000r\000e\000c\000e\000n\000t\000\040\000s\000a\000f\000e\000t\000y\000\040\000c\000o\000n\000c\000e\000r\000n\000s\000\040\000f\000o\000r\000\040\000d\000r\000i\000v\000e\000r\000\040\000D\000R\000V\000\137\0001\0000\0002\000?\000'\000'}{subsection.B.4}% 30
\BOOKMARK [3][-]{subsubsection.B.4.2}{\376\377\000Q\000u\000e\000r\000y\000\040\0002\000:\000\040\000`\000`\000C\000h\000e\000c\000k\000\040\000i\000f\000\040\000m\000y\000\040\000r\000o\000u\000t\000e\000\040\000f\000r\000o\000m\000\040\000C\000h\000i\000c\000a\000g\000o\000\040\000t\000o\000\040\000S\000t\000.\000\040\000L\000o\000u\000i\000s\000\040\000i\000s\000\040\000s\000a\000f\000e\000\040\000t\000o\000d\000a\000y\000.\000'\000'}{subsection.B.4}% 31
\BOOKMARK [2][-]{subsection.B.5}{\376\377\000P\000r\000e\000p\000r\000o\000c\000e\000s\000s\000i\000n\000g\000\040\000S\000c\000r\000i\000p\000t\000s\000\040\000i\000n\000\040\000G\000i\000t\000H\000u\000b}{appendix.B}% 32
\BOOKMARK [1][-]{appendix.C}{\376\377\000A\000p\000p\000l\000i\000c\000a\000t\000i\000o\000n\000\040\000I\000n\000t\000e\000g\000r\000a\000t\000i\000o\000n}{}% 33
\BOOKMARK [2][-]{subsection.C.1}{\376\377\000S\000t\000r\000e\000a\000m\000l\000i\000t\000\040\000P\000r\000o\000j\000e\000c\000t\000\040\000I\000n\000t\000e\000r\000f\000a\000c\000e}{appendix.C}% 34
\BOOKMARK [2][-]{subsection.C.2}{\376\377\000E\000v\000i\000d\000e\000n\000c\000e\000\040\000D\000i\000s\000p\000l\000a\000y\000\040\000a\000n\000d\000\040\000G\000r\000o\000u\000n\000d\000e\000d\000\040\000A\000n\000s\000w\000e\000r\000\040\000G\000e\000n\000e\000r\000a\000t\000i\000o\000n}{appendix.C}% 35
\BOOKMARK [2][-]{subsection.C.3}{\376\377\000Q\000u\000e\000r\000y\000\040\000L\000o\000g\000g\000i\000n\000g\000\040\000a\000n\000d\000\040\000E\000v\000a\000l\000u\000a\000t\000i\000o\000n\000\040\000O\000u\000t\000p\000u\000t\000s}{appendix.C}% 36
\BOOKMARK [2][-]{subsection.C.4}{\376\377\000S\000c\000r\000e\000e\000n\000s\000h\000o\000t\000s\000\040\000a\000n\000d\000\040\000D\000e\000p\000l\000o\000y\000m\000e\000n\000t}{appendix.C}% 37
\BOOKMARK [1][-]{appendix.D}{\376\377\000S\000n\000o\000w\000f\000l\000a\000k\000e\000\040\000D\000a\000t\000a\000\040\000P\000i\000p\000e\000l\000i\000n\000e\000\040\000\046\000\040\000S\000c\000h\000e\000m\000a}{}% 38
\BOOKMARK [2][-]{subsection.D.1}{\376\377\000S\000n\000o\000w\000f\000l\000a\000k\000e\000\040\000S\000c\000h\000e\000m\000a\000\040\000\050\000T\000a\000b\000l\000e\000s\000,\000\040\000S\000t\000a\000g\000e\000s\000,\000\040\000V\000i\000e\000w\000s\000\051}{appendix.D}% 39
\BOOKMARK [2][-]{subsection.D.2}{\376\377\000R\000e\000p\000r\000o\000d\000u\000c\000i\000b\000l\000e\000\040\000I\000n\000g\000e\000s\000t\000i\000o\000n\000\040\000S\000c\000r\000i\000p\000t\000s\000\040\000\050\000S\000Q\000L\000\040\000/\000\040\000S\000n\000o\000w\000p\000a\000r\000k\000\040\000/\000\040\000P\000y\000t\000h\000o\000n\000\051}{appendix.D}% 40
\BOOKMARK [2][-]{subsection.D.3}{\376\377\000E\000x\000a\000m\000p\000l\000e\000\040\000Q\000u\000e\000r\000i\000e\000s\000\040\000D\000e\000m\000o\000n\000s\000t\000r\000a\000t\000i\000n\000g\000\040\000W\000a\000r\000e\000h\000o\000u\000s\000e\000\040\000C\000o\000n\000n\000e\000c\000t\000i\000v\000i\000t\000y}{appendix.D}% 41
\BOOKMARK [2][-]{subsection.D.4}{\376\377\000H\000o\000w\000\040\000S\000n\000o\000w\000f\000l\000a\000k\000e\000\040\000I\000n\000t\000e\000g\000r\000a\000t\000e\000s\000\040\000w\000i\000t\000h\000\040\000t\000h\000e\000\040\000A\000p\000p\000l\000i\000c\000a\000t\000i\000o\000n}{appendix.D}% 42
\BOOKMARK [1][-]{appendix.E}{\376\377\000R\000e\000p\000r\000o\000d\000u\000c\000i\000b\000i\000l\000i\000t\000y\000\040\000P\000l\000a\000n}{}% 43
\BOOKMARK [2][-]{subsection.E.1}{\376\377\000E\000n\000v\000i\000r\000o\000n\000m\000e\000n\000t\000\040\000C\000o\000n\000f\000i\000g\000u\000r\000a\000t\000i\000o\000n}{appendix.E}% 44
\BOOKMARK [2][-]{subsection.E.2}{\376\377\000M\000o\000d\000e\000l\000\040\000V\000e\000r\000s\000i\000o\000n\000s\000\040\000a\000n\000d\000\040\000D\000a\000t\000a\000s\000e\000t\000\040\000V\000e\000r\000s\000i\000o\000n\000i\000n\000g}{appendix.E}% 45
\BOOKMARK [2][-]{subsection.E.3}{\376\377\000R\000a\000n\000d\000o\000m\000\040\000S\000e\000e\000d\000s\000\040\000a\000n\000d\000\040\000C\000o\000n\000f\000i\000g\000u\000r\000a\000t\000i\000o\000n\000\040\000F\000i\000l\000e\000s}{appendix.E}% 46
\BOOKMARK [2][-]{subsection.E.4}{\376\377\000R\000u\000n\000\040\000I\000n\000s\000t\000r\000u\000c\000t\000i\000o\000n\000s}{appendix.E}% 47
